[debug] ----------------------------------------------------------------------
[debug] Command:      /usr/local/bin/node /usr/local/bin/firebase serve
[debug] CLI Version:  3.2.0
[debug] Platform:     linux
[debug] Node Version: v5.0.0
[debug] Time:         Thu Dec 15 2016 22:33:13 GMT-0600 (CST)
[debug] ----------------------------------------------------------------------
[debug] 
[info] Starting Firebase development server...
[info] 
[info] Project Directory: /home/zorrox/Downloads/smartgit/bin/Cotizador
[info] Public Directory: public
[info] 
[info] Server listening at: http://localhost:5000
[debug] ----------------------------------------------------------------------
[debug] Command:      /usr/local/bin/node /usr/local/bin/firebase serve
[debug] CLI Version:  3.2.0
[debug] Platform:     linux
[debug] Node Version: v5.0.0
[debug] Time:         Fri Dec 16 2016 08:45:39 GMT-0600 (CST)
[debug] ----------------------------------------------------------------------
[debug] 
[info] Starting Firebase development server...
[info] 
[info] Project Directory: /home/zorrox/Downloads/smartgit/bin/Cotizador
[info] Public Directory: public
[info] 
[info] Server listening at: http://localhost:5000
[debug] ----------------------------------------------------------------------
[debug] Command:      /usr/local/bin/node /usr/local/bin/firebase serve
[debug] CLI Version:  3.2.0
[debug] Platform:     linux
[debug] Node Version: v5.0.0
[debug] Time:         Sat Dec 17 2016 16:42:02 GMT-0600 (CST)
[debug] ----------------------------------------------------------------------
[debug] 
[info] Starting Firebase development server...
[info] 
[info] Project Directory: /home/zorrox/Downloads/smartgit/bin/Cotizador
[info] Public Directory: public
[info] 
[info] Server listening at: http://localhost:5000
[debug] ----------------------------------------------------------------------
[debug] Command:      /usr/local/bin/node /usr/local/bin/firebase serve
[debug] CLI Version:  3.2.0
[debug] Platform:     linux
[debug] Node Version: v5.0.0
[debug] Time:         Sun Dec 18 2016 11:38:08 GMT-0600 (CST)
[debug] ----------------------------------------------------------------------
[debug] 
[info] Starting Firebase development server...
[info] 
[info] Project Directory: /home/zorrox/Downloads/smartgit/bin/Cotizador
[info] Public Directory: public
[info] 
[info] Server listening at: http://localhost:5000
[debug] ----------------------------------------------------------------------
[debug] Command:      /usr/local/bin/node /usr/local/bin/firebase serve
[debug] CLI Version:  3.2.0
[debug] Platform:     linux
[debug] Node Version: v5.0.0
[debug] Time:         Sun Dec 18 2016 19:24:01 GMT-0600 (CST)
[debug] ----------------------------------------------------------------------
[debug] 
[info] Starting Firebase development server...
[info] 
[info] Project Directory: /home/zorrox/Downloads/smartgit/bin/Cotizador
[info] Public Directory: public
[info] 
[info] Server listening at: http://localhost:5000
[debug] ----------------------------------------------------------------------
[debug] Command:      /usr/local/bin/node /usr/local/bin/firebase serve
[debug] CLI Version:  3.2.0
[debug] Platform:     linux
[debug] Node Version: v5.0.0
[debug] Time:         Tue Dec 20 2016 16:25:38 GMT-0600 (CST)
[debug] ----------------------------------------------------------------------
[debug] 
[info] Starting Firebase development server...
[info] 
[info] Project Directory: /home/zorrox/Downloads/smartgit/bin/Cotizador
[info] Public Directory: public
[info] 
[info] Server listening at: http://localhost:5000
[debug] ----------------------------------------------------------------------
[debug] Command:      /usr/local/bin/node /usr/local/bin/firebase serve
[debug] CLI Version:  3.2.0
[debug] Platform:     linux
[debug] Node Version: v5.0.0
[debug] Time:         Tue Dec 20 2016 20:38:31 GMT-0600 (CST)
[debug] ----------------------------------------------------------------------
[debug] 
[info] Starting Firebase development server...
[info] 
[info] Project Directory: /home/zorrox/Downloads/smartgit/bin/Cotizador
[info] Public Directory: public
[info] 
[info] Server listening at: http://localhost:5000
[debug] ----------------------------------------------------------------------
[debug] Command:      /usr/local/bin/node /usr/local/bin/firebase serve
[debug] CLI Version:  3.2.0
[debug] Platform:     linux
[debug] Node Version: v5.0.0
[debug] Time:         Wed Dec 21 2016 10:36:57 GMT-0600 (CST)
[debug] ----------------------------------------------------------------------
[debug] 
[info] Starting Firebase development server...
[info] 
[info] Project Directory: /home/zorrox/Downloads/smartgit/bin/Cotizador
[info] Public Directory: public
[info] 
[info] Server listening at: http://localhost:5000
